/*
** Change Log for Template Site
**
** Version:	1.0.1
*/

21.08.15 10:17:
Minor Updates to 'read.me'
- General info about use of template

21.08.15 10:10:
Full System Functionality Complete
- Index file generates fully valid HTML code for template webpage
- Updates to markup simply require adding stylesheets/script files into corresponding folders

21.08.15 09:59:
Changed basic file names to avoid conflicts

20.08.15 18:24:
Major Site Functionality Added
- Adding style sheets or external script files to subdirectories now includes them within the site

20.08.15 17:20:
Minor Change
- Moved system functions to separate file

20.08.15 16:06:
Minor Bug Fix
- Stopped reading newlines from config file

20.08.15 15:37:
Config File Settings Now Stored in System Variables

20.08.15 12:50:
Config File Comments Now Handled
- Comments are ignored based on the opening and closing comment operators
- Also minor update to 'read.me' to include system rules

20.08.15 11:20:
Minor Change to Config File
- Update to notify that filename must not be changed

20.08.15 11:00:
System Functionality Begun
- 'system.php' file created with basic errors and skeleton code for reading 'config.file' file

20.08.15 10:20:
Directory Structure Created
- 'assets' folder with appropriate subdirectories for site files
- 'config.file' file created with initial default settings

20.08.15 10:00:
Project Started
- GitHub Repo created (with accompanying files)
- 'read.me' file created
- 'change.log' (me) created